<?xml version="1.0" encoding="UTF-8"?>
<!-- Generated by org.testng.reporters.JUnitReportReporter -->
<testsuite hostname="DESKTOP-S97NB79" failures="0" tests="1" name="testngdemo.Copypaste" time="2.688" errors="0" timestamp="2023-11-14T12:20:56 IST" skipped="0">
  <testcase classname="testngdemo.Copypaste" name="test" time="2.688"/>
  <system-out/>
</testsuite> <!-- testngdemo.Copypaste -->
