<?xml version="1.0" encoding="UTF-8"?>
<!-- Generated by org.testng.reporters.JUnitReportReporter -->
<testsuite hostname="DESKTOP-S97NB79" failures="0" tests="1" name="testngdemo.explicit" time="3.631" errors="0" timestamp="2023-11-15T12:06:33 IST" skipped="0">
  <testcase classname="testngdemo.explicit" name="test" time="3.631"/>
  <system-out/>
</testsuite> <!-- testngdemo.explicit -->
