<?xml version="1.0" encoding="UTF-8"?>
<!-- Generated by org.testng.reporters.JUnitReportReporter -->
<testsuite hostname="DESKTOP-S97NB79" failures="0" tests="1" name="testngdemo.Dataadrivent" time="5.142" errors="0" timestamp="2023-11-23T12:12:14 IST" skipped="0">
  <testcase classname="testngdemo.Dataadrivent" name="test" time="5.142"/>
  <system-out/>
</testsuite> <!-- testngdemo.Dataadrivent -->
