<?xml version="1.0" encoding="UTF-8"?>
<!-- Generated by org.testng.reporters.JUnitReportReporter -->
<testsuite hostname="DESKTOP-S97NB79" failures="0" tests="1" name="testngdemo.DEmo99" time="0.237" errors="0" timestamp="2023-11-22T22:09:49 IST" skipped="0">
  <testcase classname="testngdemo.DEmo99" name="test" time="0.237"/>
  <system-out/>
</testsuite> <!-- testngdemo.DEmo99 -->
