<?xml version="1.0" encoding="UTF-8"?>
<!-- Generated by org.testng.reporters.JUnitReportReporter -->
<testsuite hostname="DESKTOP-S97NB79" failures="0" tests="1" name="testngdemo.Ebay$Copypaste" time="0.272" errors="0" timestamp="2023-11-15T11:50:08 IST" skipped="0">
  <testcase classname="testngdemo.Ebay$Copypaste" name="test" time="0.272"/>
  <system-out/>
</testsuite> <!-- testngdemo.Ebay$Copypaste -->
