<?xml version="1.0" encoding="UTF-8"?>
<!-- Generated by org.testng.reporters.JUnitReportReporter -->
<testsuite hostname="DESKTOP-S97NB79" failures="0" tests="1" name="testngdemo.Ebay" time="0.223" errors="0" timestamp="2023-11-17T20:14:21 IST" skipped="0">
  <testcase classname="testngdemo.Ebay" name="test" time="0.223"/>
  <system-out/>
</testsuite> <!-- testngdemo.Ebay -->
