<?xml version="1.0" encoding="UTF-8"?>
<!-- Generated by org.testng.reporters.JUnitReportReporter -->
<testsuite hostname="DESKTOP-S97NB79" failures="0" tests="1" name="testngdemo.Popup" time="40.433" errors="0" timestamp="2023-11-21T12:47:08 IST" skipped="0">
  <testcase classname="testngdemo.Popup" name="test" time="40.433"/>
  <system-out/>
</testsuite> <!-- testngdemo.Popup -->
