<?xml version="1.0" encoding="UTF-8"?>
<!-- Generated by org.testng.reporters.JUnitReportReporter -->
<testsuite hostname="DESKTOP-S97NB79" failures="0" tests="1" name="test.Fblogintest" time="0.260" errors="0" timestamp="2023-11-29T11:32:56 IST" skipped="0">
  <testcase classname="test.Fblogintest" name="testlogin" time="0.260"/>
  <system-out/>
</testsuite> <!-- test.Fblogintest -->
