<?xml version="1.0" encoding="UTF-8"?>
<!-- Generated by org.testng.reporters.JUnitReportReporter -->
<testsuite hostname="DESKTOP-S97NB79" failures="0" tests="1" name="testngdemo.Fileupload" time="0.251" errors="0" timestamp="2023-11-17T20:08:36 IST" skipped="0">
  <testcase classname="testngdemo.Fileupload" name="filetest" time="0.251"/>
  <system-out/>
</testsuite> <!-- testngdemo.Fileupload -->
