<?xml version="1.0" encoding="UTF-8"?>
<!-- Generated by org.testng.reporters.JUnitReportReporter -->
<testsuite hostname="DESKTOP-S97NB79" failures="0" tests="1" name="testngdemo.Fileuploadwindw" time="5.036" errors="0" timestamp="2023-11-20T10:59:09 IST" skipped="0">
  <testcase classname="testngdemo.Fileuploadwindw" name="test" time="5.036"/>
  <system-out/>
</testsuite> <!-- testngdemo.Fileuploadwindw -->
