<?xml version="1.0" encoding="UTF-8"?>
<!-- Generated by org.testng.reporters.JUnitReportReporter -->
<testsuite hostname="DESKTOP-S97NB79" failures="0" tests="1" name="testngdemo.Draganddrop" time="0.012" errors="0" timestamp="2023-11-22T22:07:59 IST" skipped="0">
  <testcase classname="testngdemo.Draganddrop" name="test" time="0.012"/>
  <system-out/>
</testsuite> <!-- testngdemo.Draganddrop -->
