<?xml version="1.0" encoding="UTF-8"?>
<!-- Generated by org.testng.reporters.JUnitReportReporter -->
<testsuite hostname="DESKTOP-S97NB79" failures="0" tests="1" name="test.Amazoncarttest" time="6.237" errors="0" timestamp="2023-11-28T23:33:01 IST" skipped="0">
  <testcase classname="test.Amazoncarttest" name="testlogin" time="6.237"/>
  <system-out/>
</testsuite> <!-- test.Amazoncarttest -->
